0 info it worked if it ends with ok
1 verbose cli [ '/home/digital/.nvm/versions/node/v6.4.0/bin/node',
1 verbose cli   '/home/digital/.nvm/versions/node/v6.4.0/bin/npm',
1 verbose cli   'run',
1 verbose cli   'prepack' ]
2 info using npm@3.10.3
3 info using node@v6.4.0
4 verbose run-script [ 'prepack' ]
5 info lifecycle akshay-sample-vue-ui@1.0.0~prepack: akshay-sample-vue-ui@1.0.0
6 verbose lifecycle akshay-sample-vue-ui@1.0.0~prepack: unsafe-perm in lifecycle true
7 verbose lifecycle akshay-sample-vue-ui@1.0.0~prepack: PATH: /home/digital/.nvm/versions/node/v6.4.0/lib/node_modules/npm/bin/node-gyp-bin:/home/digital/Desktop/lernaSamples/node_modules/.bin:/home/digital/.nvm/versions/node/v6.4.0/bin:/home/digital/.nvm/versions/node/v6.4.0/bin:/usr/local/sbin:/usr/local/bin:/usr/sbin:/usr/bin:/sbin:/bin:/usr/games:/usr/local/games:/snap/bin
8 verbose lifecycle akshay-sample-vue-ui@1.0.0~prepack: CWD: /home/digital/Desktop/lernaSamples
9 silly lifecycle akshay-sample-vue-ui@1.0.0~prepack: Args: [ '-c', 'lerna bootstrap' ]
10 silly lifecycle akshay-sample-vue-ui@1.0.0~prepack: Returned: code: 243  signal: null
11 info lifecycle akshay-sample-vue-ui@1.0.0~prepack: Failed to exec prepack script
12 verbose stack Error: akshay-sample-vue-ui@1.0.0 prepack: `lerna bootstrap`
12 verbose stack Exit status 243
12 verbose stack     at EventEmitter.<anonymous> (/home/digital/.nvm/versions/node/v6.4.0/lib/node_modules/npm/lib/utils/lifecycle.js:242:16)
12 verbose stack     at emitTwo (events.js:106:13)
12 verbose stack     at EventEmitter.emit (events.js:191:7)
12 verbose stack     at ChildProcess.<anonymous> (/home/digital/.nvm/versions/node/v6.4.0/lib/node_modules/npm/lib/utils/spawn.js:40:14)
12 verbose stack     at emitTwo (events.js:106:13)
12 verbose stack     at ChildProcess.emit (events.js:191:7)
12 verbose stack     at maybeClose (internal/child_process.js:852:16)
12 verbose stack     at Process.ChildProcess._handle.onexit (internal/child_process.js:215:5)
13 verbose pkgid akshay-sample-vue-ui@1.0.0
14 verbose cwd /home/digital/Desktop/lernaSamples/packages
15 error Linux 5.0.0-23-generic
16 error argv "/home/digital/.nvm/versions/node/v6.4.0/bin/node" "/home/digital/.nvm/versions/node/v6.4.0/bin/npm" "run" "prepack"
17 error node v6.4.0
18 error npm  v3.10.3
19 error code ELIFECYCLE
20 error akshay-sample-vue-ui@1.0.0 prepack: `lerna bootstrap`
20 error Exit status 243
21 error Failed at the akshay-sample-vue-ui@1.0.0 prepack script 'lerna bootstrap'.
21 error Make sure you have the latest version of node.js and npm installed.
21 error If you do, this is most likely a problem with the akshay-sample-vue-ui package,
21 error not with npm itself.
21 error Tell the author that this fails on your system:
21 error     lerna bootstrap
21 error You can get information on how to open an issue for this project with:
21 error     npm bugs akshay-sample-vue-ui
21 error Or if that isn't available, you can get their info via:
21 error     npm owner ls akshay-sample-vue-ui
21 error There is likely additional logging output above.
22 verbose exit [ 1, true ]
